<?xml version="1.0" encoding="UTF-8"?>
<!-- Generated by org.testng.reporters.JUnitReportReporter -->
<testsuite skipped="0" hostname="alaqa" name="TestTask.Task.TestCase" tests="3" failures="0" timestamp="2021-05-15T19:54:41 EET" time="26.035" errors="0">
  <testcase name="userSuccesLogin" time="8.817" classname="TestTask.Task.TestCase"/>
  <system-out/>
  <testcase name="userManagerid" time="7.536" classname="TestTask.Task.TestCase"/>
  <system-out/>
  <testcase name="userReg" time="9.682" classname="TestTask.Task.TestCase"/>
  <system-out/>
</testsuite> <!-- TestTask.Task.TestCase -->
